生成启动时间为 2018-6-21 17:35:59。
     1>项目“G:\git_space\C\C\C.vcxproj”在节点 2 上(Build 个目标)。
     1>ClCompile:
         D:\Microsoft Visual Studio 12.0\VC\bin\CL.exe /c /ZI /nologo /W3 /WX- /Od /Oy- /D WIN32 /D _DEBUG /D _CONSOLE /D _LIB /D _UNICODE /D UNICODE /Gm /EHsc /RTC1 /MDd /GS /fp:precise /Zc:wchar_t /Zc:forScope /Fo"Debug\\" /Fd"Debug\vc120.pdb" /Gd /TP /analyze- /errorReport:prompt "源.cpp"
         源.cpp
     1>g:\git_space\c\c\basis.h(5): warning C4996: 'strcat': This function or variable may be unsafe. Consider using strcat_s instead. To disable deprecation, use _CRT_SECURE_NO_WARNINGS. See online help for details.
                 d:\microsoft visual studio 12.0\vc\include\string.h(118) : 参见“strcat”的声明
     1>g:\git_space\c\c\basis.h(13): warning C4996: 'gets': This function or variable may be unsafe. Consider using gets_s instead. To disable deprecation, use _CRT_SECURE_NO_WARNINGS. See online help for details.
                 d:\microsoft visual studio 12.0\vc\include\stdio.h(254) : 参见“gets”的声明
     1>g:\git_space\c\c\basis.h(47): warning C4996: 'scanf': This function or variable may be unsafe. Consider using scanf_s instead. To disable deprecation, use _CRT_SECURE_NO_WARNINGS. See online help for details.
                 d:\microsoft visual studio 12.0\vc\include\stdio.h(283) : 参见“scanf”的声明
     1>g:\git_space\c\c\basis.h(52): warning C4996: 'scanf': This function or variable may be unsafe. Consider using scanf_s instead. To disable deprecation, use _CRT_SECURE_NO_WARNINGS. See online help for details.
                 d:\microsoft visual studio 12.0\vc\include\stdio.h(283) : 参见“scanf”的声明
     1>g:\git_space\c\c\basis.h(71): warning C4305: “初始化”: 从“double”到“float”截断
     1>g:\git_space\c\c\basis.h(82): warning C4996: 'strcpy': This function or variable may be unsafe. Consider using strcpy_s instead. To disable deprecation, use _CRT_SECURE_NO_WARNINGS. See online help for details.
                 d:\microsoft visual studio 12.0\vc\include\string.h(112) : 参见“strcpy”的声明
     1>g:\git_space\c\c\array.h(4): warning C4101: “ints0”: 未引用的局部变量
     1>g:\git_space\c\c\struct.h(10): warning C4091: “typedef ”: 没有声明变量时忽略“Book”的左侧
     1>g:\git_space\c\c\struct.h(27): warning C4996: 'strcpy': This function or variable may be unsafe. Consider using strcpy_s instead. To disable deprecation, use _CRT_SECURE_NO_WARNINGS. See online help for details.
                 d:\microsoft visual studio 12.0\vc\include\string.h(112) : 参见“strcpy”的声明
       Link:
         D:\Microsoft Visual Studio 12.0\VC\bin\link.exe /ERRORREPORT:PROMPT /OUT:"G:\git_space\C\Debug\C.exe" /INCREMENTAL /NOLOGO kernel32.lib user32.lib gdi32.lib winspool.lib comdlg32.lib advapi32.lib shell32.lib ole32.lib oleaut32.lib uuid.lib odbc32.lib odbccp32.lib /MANIFEST /MANIFESTUAC:"level='asInvoker' uiAccess='false'" /manifest:embed /DEBUG /PDB:"G:\git_space\C\Debug\C.pdb" /SUBSYSTEM:CONSOLE /TLBID:1 /DYNAMICBASE /NXCOMPAT /IMPLIB:"G:\git_space\C\Debug\C.lib" /MACHINE:X86 "Debug\源.obj"
         C.vcxproj -> G:\git_space\C\Debug\C.exe
     1>已完成生成项目“G:\git_space\C\C\C.vcxproj”(Build 个目标)的操作。

生成成功。

已用时间 00:00:00.24
